<?xml version="1.0" encoding="UTF-8"?>
<testng-results ignored="0" total="1" passed="1" failed="0" skipped="0">
  <reporter-output>
  </reporter-output>
  <suite started-at="2022-11-02T09:34:12 IST" name="Default suite" finished-at="2022-11-02T09:34:35 IST" duration-ms="22828">
    <groups>
    </groups>
    <test started-at="2022-11-02T09:34:12 IST" name="Default test" finished-at="2022-11-02T09:34:35 IST" duration-ms="22828">
      <class name="testLayer.BuyProductTest">
        <test-method is-config="true" signature="setUp()[pri:0, instance:testLayer.BuyProductTest@52e6fdee]" started-at="2022-11-02T09:34:12 IST" name="setUp" finished-at="2022-11-02T09:34:32 IST" duration-ms="19926" status="PASS">
          <reporter-output>
          </reporter-output>
        </test-method> <!-- setUp -->
        <test-method signature="test()[pri:0, instance:testLayer.BuyProductTest@52e6fdee]" started-at="2022-11-02T09:34:32 IST" name="test" finished-at="2022-11-02T09:34:34 IST" duration-ms="1754" status="PASS">
          <reporter-output>
          </reporter-output>
        </test-method> <!-- test -->
        <test-method is-config="true" signature="tearDown()[pri:0, instance:testLayer.BuyProductTest@52e6fdee]" started-at="2022-11-02T09:34:34 IST" name="tearDown" finished-at="2022-11-02T09:34:35 IST" duration-ms="1070" status="PASS">
          <reporter-output>
          </reporter-output>
        </test-method> <!-- tearDown -->
      </class> <!-- testLayer.BuyProductTest -->
    </test> <!-- Default test -->
  </suite> <!-- Default suite -->
</testng-results>
